<?xml version="1.0" encoding="utf-8"?>
<coverage line-rate="0.725" branch-rate="0.6986" version="1.9" timestamp="1783763430" lines-covered="2751" lines-valid="3794" branches-covered="816" branches-valid="1168">
  <sources>
    <source>C:/Users/Kiarash/RiderProjects/IIIF.Manifest.Serializer.Net/</source>
  </sources>
  <packages>
    <package name="IIIF.Manifest.Serializer.Net" line-rate="0.7166" branch-rate="0.6895" complexity="2118">
      <classes>
        <class name="IIIF.Manifests.Serializer.IIIFJsonContractResolver" filename="src/IIIF.Manifest.Serializer.Net/IIIFJsonContractResolver.cs" line-rate="1" branch-rate="0.75" complexity="20">
          <methods>
            <method name="CreateProperty" signature="(System.Reflection.MemberInfo,Newtonsoft.Json.MemberSerialization)" line-rate="1" branch-rate="0.75" complexity="20">
              <lines>
                <line number="12" hits="688" branch="False" />
                <line number="13" hits="688" branch="False" />
                <line number="15" hits="688" branch="False" />
                <line number="16" hits="8383" branch="False" />
                <line number="17" hits="8383" branch="True" condition-coverage="50% (1/2)">
                  <conditions>
                    <condition number="13" type="jump" coverage="50%" />
                  </conditions>
                </line>
                <line number="18" hits="688" branch="False" />
                <line number="19" hits="8383" branch="True" condition-coverage="100% (6/6)">
                  <conditions>
                    <condition number="33" type="jump" coverage="100%" />
                    <condition number="43" type="jump" coverage="100%" />
                    <condition number="53" type="jump" coverage="100%" />
                  </conditions>
                </line>
                <line number="20" hits="688" branch="False" />
                <line number="21" hits="688" branch="False" />
                <line number="22" hits="2189" branch="True" condition-coverage="50% (1/2)">
                  <conditions>
                    <condition number="73" type="jump" coverage="50%" />
                  </conditions>
                </line>
                <line number="23" hits="688" branch="False" />
                <line number="24" hits="1541" branch="True" condition-coverage="50% (2/4)">
                  <conditions>
                    <condition number="132" type="jump" coverage="50%" />
                    <condition number="169" type="jump" coverage="50%" />
                  </conditions>
                </line>
                <line number="25" hits="688" branch="False" />
                <line number="26" hits="4033" branch="False" />
                <line number="27" hits="4033" branch="True" condition-coverage="75% (3/4)">
                  <conditions>
                    <condition number="200" type="jump" coverage="50%" />
                    <condition number="247" type="jump" coverage="100%" />
                  </conditions>
                </line>
                <line number="28" hits="4033" branch="False" />
                <line number="29" hits="4033" branch="False" />
                <line number="30" hits="4033" branch="False" />
                <line number="31" hits="4033" branch="True" condition-coverage="100% (2/2)">
                  <conditions>
                    <condition number="281" type="jump" coverage="100%" />
                  </conditions>
                </line>
                <line number="32" hits="3118" branch="False" />
                <line number="33" hits="3118" branch="False" />
                <line number="34" hits="688" branch="False" />
                <line number="35" hits="915" branch="False" />
                <line number="36" hits="688" branch="False" />
                <line number="37" hits="915" branch="False" />
                <line number="38" hits="688" branch="False" />
                <line number="39" hits="688" branch="False" />
                <line number="40" hits="688" branch="False" />
                <line number="41" hits="1535" branch="False" />
                <line number="42" hits="9071" branch="False" />
                <line number="44" hits="688" branch="False" />
                <line number="45" hits="688" branch="False" />
              </lines>
            </method>
          </methods>
          <lines>
            <line number="12" hits="688" branch="False" />
            <line number="13" hits="688" branch="False" />
            <line number="15" hits="688" branch="False" />
            <line number="16" hits="8383" branch="False" />
            <line number="17" hits="8383" branch="True" condition-coverage="50% (1/2)">
              <conditions>
                <condition number="13" type="jump" coverage="50%" />
              </conditions>
            </line>
            <line number="18" hits="688" branch="False" />
            <line number="19" hits="8383" branch="True" condition-coverage="100% (6/6)">
              <conditions>
                <condition number="33" type="jump" coverage="100%" />
                <condition number="43" type="jump" coverage="100%" />
                <condition number="53" type="jump" coverage="100%" />
              </conditions>
            </line>
            <line number="20" hits="688" branch="False" />
            <line number="21" hits="688" branch="False" />
            <line number="22" hits="2189" branch="True" condition-coverage="50% (1/2)">
              <conditions>
                <condition number="73" type="jump" coverage="50%" />
              </conditions>
            </line>
            <line number="23" hits="688" branch="False" />
            <line number="24" hits="1541" branch="True" condition-coverage="50% (2/4)">
              <conditions>
                <condition number="132" type="jump" coverage="50%" />
                <condition number="169" type="jump" coverage="50%" />
              </conditions>
            </line>
            <line number="25" hits="688" branch="False" />
            <line number="26" hits="4033" branch="False" />
            <line number="27" hits="4033" branch="True" condition-coverage="75% (3/4)">
              <conditions>
                <condition number="200" type="jump" coverage="50%" />
                <condition number="247" type="jump" coverage="100%" />
              </conditions>
            </line>
            <line number="28" hits="4033" branch="False" />
            <line number="29" hits="4033" branch="False" />
            <line number="30" hits="4033" branch="False" />
            <line number="31" hits="4033" branch="True" condition-coverage="100% (2/2)">
              <conditions>
                <condition number="281" type="jump" coverage="100%" />
              </conditions>
            </line>
            <line number="32" hits="3118" branch="False" />
            <line number="33" hits="3118" branch="False" />
            <line number="34" hits="688" branch="False" />
            <line number="35" hits="915" branch="False" />
            <line number="36" hits="688" branch="False" />
            <line number="37" hits="915" branch="False" />
            <line number="38" hits="688" branch="False" />
            <line number="39" hits="688" branch="False" />
            <line number="40" hits="688" branch="False" />
            <line number="41" hits="1535" branch="False" />
            <line number="42" hits="9071" branch="False" />
            <line number="44" hits="688" branch="False" />
            <line number="45" hits="688" branch="False" />
          </lines>
        </class>
        <class name="IIIF.Manifests.Serializer.IiifPresentationVersionDetector" filename="src/IIIF.Manifest.Serializer.Net/IiifPresentationVersionDetector.cs" line-rate="0.8461" branch-rate="0.7857" complexity="56">
          <methods>
            <method name="Detect" signature="(System.String)" line-rate="1" branch-rate="1" complexity="2">
              <lines>
                <line number="11" hits="70" branch="False" />
                <line number="12" hits="70" branch="True" condition-coverage="100% (2/2)">
                  <conditions>
                    <condition number="9" type="jump" coverage="100%" />
                  </conditions>
                </line>
                <line number="13" hits="1" branch="False" />
                <line number="14" hits="1" branch="False" />
                <line number="18" hits="69" branch="False" />
                <line number="19" hits="69" branch="False" />
                <line number="21" hits="1" branch="False" />
                <line number="22" hits="1" branch="False" />
                <line number="23" hits="1" branch="False" />
                <line number="25" hits="70" branch="False" />
              </lines>
            </method>
            <method name="Detect" signature="(Newtonsoft.Json.Linq.JToken)" line-rate="0.8076000000000001" branch-rate="0.7631" complexity="38">
              <lines>
                <line number="28" hits="69" branch="False" />
                <line number="29" hits="69" branch="True" condition-coverage="100% (2/2)">
                  <conditions>
                    <condition number="17" type="jump" coverage="100%" />
                  </conditions>
                </line>
                <line number="30" hits="1" branch="False" />
                <line number="31" hits="1" branch="False" />
                <line number="34" hits="68" branch="False" />
                <line number="35" hits="68" branch="True" condition-coverage="100% (2/2)">
                  <conditions>
                    <condition number="53" type="jump" coverage="100%" />
                  </conditions>
                </line>
                <line number="36" hits="61" branch="False" />
                <line number="37" hits="61" branch="False" />
                <line number="40" hits="7" branch="True" condition-coverage="100% (2/2)">
                  <conditions>
                    <condition number="81" type="jump" coverage="100%" />
                  </conditions>
                </line>
                <line number="41" hits="7" branch="True" condition-coverage="100% (2/2)">
                  <conditions>
                    <condition number="114" type="jump" coverage="100%" />
                  </conditions>
                </line>
                <line number="42" hits="6" branch="False" />
                <line number="43" hits="6" branch="True" condition-coverage="100% (12/12)">
                  <conditions>
                    <condition number="131" type="jump" coverage="100%" />
                    <condition number="144" type="jump" coverage="100%" />
                    <condition number="157" type="jump" coverage="100%" />
                    <condition number="170" type="jump" coverage="100%" />
                    <condition number="183" type="jump" coverage="100%" />
                    <condition number="201" type="jump" coverage="100%" />
                  </conditions>
                </line>
                <line number="44" hits="3" branch="False" />
                <line number="45" hits="3" branch="False" />
                <line number="48" hits="3" branch="True" condition-coverage="50% (3/6)">
                  <conditions>
                    <condition number="223" type="jump" coverage="50%" />
                    <condition number="236" type="jump" coverage="50%" />
                    <condition number="256" type="jump" coverage="50%" />
                  </conditions>
                </line>
                <line number="49" hits="3" branch="False" />
                <line number="50" hits="3" branch="False" />
                <line number="52" hits="0" branch="False" />
                <line number="54" hits="1" branch="True" condition-coverage="50% (3/6)">
                  <conditions>
                    <condition number="276" type="jump" coverage="50%" />
                    <condition number="289" type="jump" coverage="50%" />
                    <condition number="315" type="jump" coverage="50%" />
                  </conditions>
                </line>
                <line number="55" hits="0" branch="False" />
                <line number="56" hits="0" branch="False" />
                <line number="59" hits="1" branch="True" condition-coverage="50% (3/6)">
                  <conditions>
                    <condition number="334" type="jump" coverage="50%" />
                    <condition number="347" type="jump" coverage="50%" />
                    <condition number="373" type="jump" coverage="50%" />
                  </conditions>
                </line>
                <line number="60" hits="0" branch="False" />
                <line number="61" hits="0" branch="False" />
                <line number="64" hits="1" branch="False" />
                <line number="65" hits="69" branch="False" />
              </lines>
            </method>
            <method name="DetectFromContext" signature="(Newtonsoft.Json.Linq.JToken)" line-rate="0.8275" branch-rate="0.8125" complexity="16">
              <lines>
                <line number="68" hits="70" branch="False" />
                <line number="69" hits="70" branch="True" condition-coverage="100% (2/2)">
                  <conditions>
                    <condition number="7" type="jump" coverage="100%" />
                  </conditions>
                </line>
                <line number="70" hits="7" branch="False" />
                <line number="71" hits="7" branch="False" />
                <line number="74" hits="63" branch="True" condition-coverage="100% (2/2)">
                  <conditions>
                    <condition number="28" type="jump" coverage="100%" />
                  </conditions>
                </line>
                <line number="75" hits="1" branch="False" />
                <line number="76" hits="6" branch="True" condition-coverage="50% (1/2)">
                  <conditions>
                    <condition number="95" type="jump" coverage="50%" />
                  </conditions>
                </line>
                <line number="77" hits="2" branch="False" />
                <line number="78" hits="2" branch="False" />
                <line number="79" hits="2" branch="True" condition-coverage="100% (2/2)">
                  <conditions>
                    <condition number="79" type="jump" coverage="100%" />
                  </conditions>
                </line>
                <line number="80" hits="1" branch="False" />
                <line number="81" hits="1" branch="False" />
                <line number="83" hits="1" branch="False" />
                <line number="85" hits="0" branch="False" />
                <line number="88" hits="62" branch="False" />
                <line number="89" hits="62" branch="True" condition-coverage="50% (1/2)">
                  <conditions>
                    <condition number="133" type="jump" coverage="50%" />
                  </conditions>
                </line>
                <line number="90" hits="0" branch="False" />
                <line number="91" hits="0" branch="False" />
                <line number="94" hits="62" branch="True" condition-coverage="100% (2/2)">
                  <conditions>
                    <condition number="155" type="jump" coverage="100%" />
                  </conditions>
                </line>
                <line number="95" hits="36" branch="False" />
                <line number="96" hits="36" branch="False" />
                <line number="99" hits="26" branch="True" condition-coverage="100% (2/2)">
                  <conditions>
                    <condition number="177" type="jump" coverage="100%" />
                  </conditions>
                </line>
                <line number="100" hits="25" branch="False" />
                <line number="101" hits="25" branch="False" />
                <line number="104" hits="1" branch="True" condition-coverage="50% (1/2)">
                  <conditions>
                    <condition number="199" type="jump" coverage="50%" />
                  </conditions>
                </line>
                <line number="105" hits="0" branch="False" />
                <line number="106" hits="0" branch="False" />
                <line number="109" hits="1" branch="False" />
                <line number="110" hits="70" branch="False" />
              </lines>
            </method>
          </methods>
          <lines>
            <line number="11" hits="70" branch="False" />
            <line number="12" hits="70" branch="True" condition-coverage="100% (2/2)">
              <conditions>
                <condition number="9" type="jump" coverage="100%" />
              </conditions>
            </line>
            <line number="13" hits="1" branch="False" />
            <line number="14" hits="1" branch="False" />
            <line number="18" hits="69" branch="False" />
            <line number="19" hits="69" branch="False" />
            <line number="21" hits="1" branch="False" />
            <line number="22" hits="1" branch="False" />
            <line number="23" hits="1" branch="False" />
            <line number="25" hits="70" branch="False" />
            <line number="28" hits="69" branch="False" />
            <line number="29" hits="69" branch="True" condition-coverage="100% (2/2)">
              <conditions>
                <condition number="17" type="jump" coverage="100%" />
              </conditions>
            </line>
            <line number="30" hits="1" branch="False" />
            <line number="31" hits="1" branch="False" />
            <line number="34" hits="68" branch="False" />
            <line number="35" hits="68" branch="True" condition-coverage="100% (2/2)">
              <conditions>
                <condition number="53" type="jump" coverage="100%" />
              </conditions>
            </line>
            <line number="36" hits="61" branch="False" />
            <line number="37" hits="61" branch="False" />
            <line number="40" hits="7" branch="True" condition-coverage="100% (2/2)">
              <conditions>
                <condition number="81" type="jump" coverage="100%" />
              </conditions>
            </line>
            <line number="41" hits="7" branch="True" condition-coverage="100% (2/2)">
              <conditions>
                <condition number="114" type="jump" coverage="100%" />
              </conditions>
            </line>
            <line number="42" hits="6" branch="False" />
            <line number="43" hits="6" branch="True" condition-coverage="100% (12/12)">
              <conditions>
                <condition number="131" type="jump" coverage="100%" />
                <condition number="144" type="jump" coverage="100%" />
                <condition number="157" type="jump" coverage="100%" />
                <condition number="170" type="jump" coverage="100%" />
                <condition number="183" type="jump" coverage="100%" />
                <condition number="201" type="jump" coverage="100%" />
              </conditions>
            </line>
            <line number="44" hits="3" branch="False" />
            <line number="45" hits="3" branch="False" />
            <line number="48" hits="3" branch="True" condition-coverage="50% (3/6)">
              <conditions>
                <condition number="223" type="jump" coverage="50%" />
                <condition number="236" type="jump" coverage="50%" />
                <condition number="256" type="jump" coverage="50%" />
              </conditions>
            </line>
            <line number="49" hits="3" branch="False" />
            <line number="50" hits="3" branch="False" />
            <line number="52" hits="0" branch="False" />
            <line number="54" hits="1" branch="True" condition-coverage="50% (3/6)">
              <conditions>
                <condition number="276" type="jump" coverage="50%" />
                <condition number="289" type="jump" coverage="50%" />
                <condition number="315" type="jump" coverage="50%" />
              </conditions>
            </line>
            <line number="55" hits="0" branch="False" />
            <line number="56" hits="0" branch="False" />
            <line number="59" hits="1" branch="True" condition-coverage="50% (3/6)">
              <conditions>
                <condition number="334" type="jump" coverage="50%" />
                <condition number="347" type="jump" coverage="50%" />
                <condition number="373" type="jump" coverage="50%" />
              </conditions>
            </line>
            <line number="60" hits="0" branch="False" />
            <line number="61" hits="0" branch="False" />
            <line number="64" hits="1" branch="False" />
            <line number="65" hits="69" branch="False" />
            <line number="68" hits="70" branch="False" />
            <line number="69" hits="70" branch="True" condition-coverage="100% (2/2)">
              <conditions>
                <condition number="7" type="jump" coverage="100%" />
              </conditions>
            </line>
            <line number="70" hits="7" branch="False" />
            <line number="71" hits="7" branch="False" />
            <line number="74" hits="63" branch="True" condition-coverage="100% (2/2)">
              <conditions>
                <condition number="28" type="jump" coverage="100%" />
              </conditions>
            </line>
            <line number="75" hits="1" branch="False" />
            <line number="76" hits="6" branch="True" condition-coverage="50% (1/2)">
              <conditions>
                <condition number="95" type="jump" coverage="50%" />
              </conditions>
            </line>
            <line number="77" hits="2" branch="False" />
            <line number="78" hits="2" branch="False" />
            <line number="79" hits="2" branch="True" condition-coverage="100% (2/2)">
              <conditions>
                <condition number="79" type="jump" coverage="100%" />
              </conditions>
            </line>
            <line number="80" hits="1" branch="False" />
            <line number="81" hits="1" branch="False" />
            <line number="83" hits="1" branch="False" />
            <line number="85" hits="0" branch="False" />
            <line number="88" hits="62" branch="False" />
            <line number="89" hits="62" branch="True" condition-coverage="50% (1/2)">
              <conditions>
                <condition number="133" type="jump" coverage="50%" />
              </conditions>
            </line>
            <line number="90" hits="0" branch="False" />
            <line number="91" hits="0" branch="False" />
            <line number="94" hits="62" branch="True" condition-coverage="100% (2/2)">
              <conditions>
                <condition number="155" type="jump" coverage="100%" />
              </conditions>
            </line>
            <line number="95" hits="36" branch="False" />
            <line number="96" hits="36" branch="False" />
            <line number="99" hits="26" branch="True" condition-coverage="100% (2/2)">
              <conditions>
                <condition number="177" type="jump" coverage="100%" />
              </conditions>
            </line>
            <line number="100" hits="25" branch="False" />
            <line number="101" hits="25" branch="False" />
            <line number="104" hits="1" branch="True" condition-coverage="50% (1/2)">
              <conditions>
                <condition number="199" type="jump" coverage="50%" />
              </conditions>
            </line>
            <line number="105" hits="0" branch="False" />
            <line number="106" hits="0" branch="False" />
            <line number="109" hits="1" branch="False" />
            <line number="110" hits="70" branch="False" />
          </lines>
        </class>
        <class name="IIIF.Manifests.Serializer.IiifSerializer" filename="src/IIIF.Manifest.Serializer.Net/IiifSerializer.cs" line-rate="0.945" branch-rate="0.7707999999999999" complexity="248">
          <methods>
            <method name="Serialize" signature="(IIIF.Manifests.Serializer.Nodes.Manifest)" line-rate="1" branch-rate="1" complexity="1">
              <lines>
                <line number="27" hits="16" branch="False" />
                <line number="28" hits="16" branch="False" />
                <line number="29" hits="16" branch="False" />
              </lines>
            </method>
            <method name="Serialize" signature="(IIIF.Manifests.Serializer.Nodes.Manifest,IIIF.Manifests.Serializer.IiifSerializerOptions)" line-rate="0.75" branch-rate="0.625" complexity="8">
              <lines>
                <line number="32" hits="99" branch="False" />
                <line number="33" hits="99" branch="True" condition-coverage="50% (1/2)">
                  <conditions>
                    <condition number="7" type="jump" coverage="50%" />
                  </conditions>
                </line>
                <line number="34" hits="0" branch="False" />
                <line number="35" hits="0" branch="False" />
                <line number="38" hits="99" branch="True" condition-coverage="50% (1/2)">
                  <conditions>
                    <condition number="22" type="jump" coverage="50%" />
                  </conditions>
                </line>
                <line number="40" hits="99" branch="True" condition-coverage="75% (3/4)">
                  <conditions>
                    <condition number="46" type="jump" coverage="100%" />
                    <condition number="52" type="jump" coverage="50%" />
                  </conditions>
                </line>
                <line number="41" hits="99" branch="False" />
                <line number="42" hits="45" branch="False" />
                <line number="43" hits="54" branch="False" />
                <line number="44" hits="0" branch="False" />
                <line number="45" hits="99" branch="False" />
                <line number="46" hits="99" branch="False" />
              </lines>
            </method>
            <method name="DeserializeManifest" signature="(System.String)" line-rate="0.8461" branch-rate="0.75" complexity="8">
              <lines>
                <line number="49" hits="53" branch="False" />
                <line number="50" hits="53" branch="True" condition-coverage="50% (1/2)">
                  <conditions>
                    <condition number="9" type="jump" coverage="50%" />
                  </conditions>
                </line>
                <line number="51" hits="0" branch="False" />
                <line number="52" hits="0" branch="False" />
                <line number="55" hits="53" branch="False" />
                <line number="56" hits="53" branch="True" condition-coverage="100% (4/4)">
                  <conditions>
                    <condition number="43" type="jump" coverage="100%" />
                    <condition number="49" type="jump" coverage="100%" />
                  </conditions>
                </line>
                <line number="57" hits="53" branch="False" />
                <line number="58" hits="30" branch="False" />
                <line number="59" hits="22" branch="True" condition-coverage="50% (1/2)">
                  <conditions>
                    <condition number="79" type="jump" coverage="50%" />
                  </conditions>
                </line>
                <line number="60" hits="22" branch="False" />
                <line number="61" hits="1" branch="False" />
                <line number="62" hits="53" branch="False" />
                <line number="63" hits="52" branch="False" />
              </lines>
            </method>
            <method name="Serialize" signature="(IIIF.Manifests.Serializer.Nodes.Collection)" line-rate="1" branch-rate="1" complexity="1">
              <lines>
                <line number="66" hits="2" branch="False" />
                <line number="67" hits="2" branch="False" />
                <line number="68" hits="2" branch="False" />
              </lines>
            </method>
            <method name="Serialize" signature="(IIIF.Manifests.Serializer.Nodes.Collection,IIIF.Manifests.Serializer.IiifSerializerOptions)" line-rate="0.75" branch-rate="0.625" complexity="8">
              <lines>
                <line number="71" hits="12" branch="False" />
                <line number="72" hits="12" branch="True" condition-coverage="50% (1/2)">
                  <conditions>
                    <condition number="7" type="jump" coverage="50%" />
                  </conditions>
                </line>
                <line number="73" hits="0" branch="False" />
                <line number="74" hits="0" branch="False" />
                <line number="77" hits="12" branch="True" condition-coverage="50% (1/2)">
                  <conditions>
                    <condition number="22" type="jump" coverage="50%" />
                  </conditions>
                </line>
                <line number="79" hits="12" branch="True" condition-coverage="75% (3/4)">
                  <conditions>
                    <condition number="46" type="jump" coverage="100%" />
                    <condition number="52" type="jump" coverage="50%" />
                  </conditions>
                </line>
                <line number="80" hits="12" branch="False" />
                <line number="81" hits="6" branch="False" />
                <line number="82" hits="6" branch="False" />
                <line number="83" hits="0" branch="False" />
                <line number="84" hits="12" branch="False" />
                <line number="85" hits="12" branch="False" />
              </lines>
            </method>
            <method name="DeserializeCollection" signature="(System.String)" line-rate="0.7692" branch-rate="0.625" complexity="8">
              <lines>
                <line number="88" hits="6" branch="False" />
                <line number="89" hits="6" branch="True" condition-coverage="50% (1/2)">
                  <conditions>
                    <condition number="9" type="jump" coverage="50%" />
                  </conditions>
                </line>
                <line number="90" hits="0" branch="False" />
                <line number="91" hits="0" branch="False" />
                <line number="94" hits="6" branch="False" />
                <line number="95" hits="6" branch="True" condition-coverage="75% (3/4)">
                  <conditions>
                    <condition number="43" type="jump" coverage="100%" />
                    <condition number="49" type="jump" coverage="50%" />
                  </conditions>
                </line>
                <line number="96" hits="6" branch="False" />
                <line number="97" hits="3" branch="False" />
                <line number="98" hits="3" branch="True" condition-coverage="50% (1/2)">
                  <conditions>
                    <condition number="79" type="jump" coverage="50%" />
                  </conditions>
                </line>
                <line number="99" hits="3" branch="False" />
                <line number="100" hits="0" branch="False" />
                <line number="101" hits="6" branch="False" />
                <line number="102" hits="6" branch="False" />
              </lines>
            </method>
            <method name="WriteV3Collection" signature="(IIIF.Manifests.Serializer.Nodes.Collection)" line-rate="0.8571" branch-rate="0.75" complexity="4">
              <lines>
                <line number="105" hits="6" branch="False" />
                <line number="106" hits="6" branch="False" />
                <line number="107" hits="6" branch="False" />
                <line number="108" hits="6" branch="False" />
                <line number="109" hits="6" branch="False" />
                <line number="110" hits="6" branch="False" />
                <line number="111" hits="6" branch="False" />
                <line number="113" hits="12" branch="False" />
                <line number="115" hits="6" branch="False" />
                <line number="117" hits="6" branch="True" condition-coverage="50% (1/2)">
                  <conditions>
                    <condition number="150" type="jump" coverage="50%" />
                  </conditions>
                </line>
                <line number="118" hits="0" branch="False" />
                <line number="119" hits="0" branch="False" />
                <line number="120" hits="0" branch="False" />
                <line number="122" hits="6" branch="False" />
                <line number="123" hits="6" branch="True" condition-coverage="100% (2/2)">
                  <conditions>
                    <condition number="237" type="jump" coverage="100%" />
                  </conditions>
                </line>
                <line number="124" hits="4" branch="False" />
                <line number="125" hits="4" branch="False" />
                <line number="126" hits="4" branch="False" />
                <line number="128" hits="6" branch="False" />
                <line number="130" hits="6" branch="False" />
                <line number="131" hits="6" branch="False" />
              </lines>
            </method>
            <method name="WriteV3CollectionItem" signature="(IIIF.Manifests.Serializer.Shared.IBaseItem)" line-rate="0.9" branch-rate="0.75" complexity="8">
              <lines>
                <line number="134" hits="9" branch="False" />
                <line number="135" hits="9" branch="False" />
                <line number="136" hits="9" branch="False" />
                <line number="137" hits="9" branch="False" />
                <line number="138" hits="9" branch="True" condition-coverage="75% (3/4)">
                  <conditions>
                    <condition number="45" type="jump" coverage="100%" />
                    <condition number="53" type="jump" coverage="50%" />
                  </conditions>
                </line>
                <line number="139" hits="9" branch="False" />
                <line number="140" hits="3" branch="False" />
                <line number="141" hits="6" branch="False" />
                <line number="142" hits="0" branch="False" />
                <line number="143" hits="9" branch="False" />
                <line number="144" hits="9" branch="False" />
                <line number="146" hits="9" branch="True" condition-coverage="75% (3/4)">
                  <conditions>
                    <condition number="121" type="jump" coverage="100%" />
                    <condition number="133" type="jump" coverage="50%" />
                  </conditions>
                </line>
                <line number="147" hits="9" branch="False" />
                <line number="148" hits="6" branch="False" />
                <line number="149" hits="6" branch="False" />
                <line number="150" hits="0" branch="False" />
                <line number="151" hits="9" branch="False" />
                <line number="153" hits="9" branch="False" />
                <line number="155" hits="9" branch="False" />
                <line number="156" hits="9" branch="False" />
              </lines>
            </method>
            <method name="ReadV3Collection" signature="(Newtonsoft.Json.Linq.JObject)" line-rate="1" branch-rate="0.75" complexity="16">
              <lines>
                <line number="159" hits="3" branch="False" />
                <line number="160" hits="3" branch="True" condition-coverage="50% (1/2)">
                  <conditions>
                    <condition number="34" type="jump" coverage="50%" />
                  </conditions>
                </line>
                <line number="162" hits="3" branch="False" />
                <line number="164" hits="25" branch="True" condition-coverage="66.66% (4/6)">
                  <conditions>
                    <condition number="74" type="jump" coverage="50%" />
                    <condition number="86" type="jump" coverage="50%" />
                    <condition number="332" type="jump" coverage="100%" />
                  </conditions>
                </line>
                <line number="165" hits="8" branch="False" />
                <line number="166" hits="8" branch="True" condition-coverage="100% (4/4)">
                  <conditions>
                    <condition number="147" type="jump" coverage="100%" />
                    <condition number="161" type="jump" coverage="100%" />
                  </conditions>
                </line>
                <line number="169" hits="3" branch="True" condition-coverage="50% (1/2)">
                  <conditions>
                    <condition number="202" type="jump" coverage="50%" />
                  </conditions>
                </line>
                <line number="170" hits="3" branch="False" />
                <line number="172" hits="5" branch="False" />
                <line number="173" hits="17" branch="True" condition-coverage="100% (2/2)">
                  <conditions>
                    <condition number="298" type="jump" coverage="100%" />
                  </conditions>
                </line>
                <line number="174" hits="1" branch="False" />
                <line number="175" hits="1" branch="False" />
                <line number="176" hits="1" branch="False" />
                <line number="177" hits="5" branch="False" />
                <line number="178" hits="5" branch="False" />
                <line number="180" hits="8" branch="False" />
                <line number="182" hits="3" branch="False" />
                <line number="184" hits="3" branch="False" />
                <line number="185" hits="3" branch="False" />
              </lines>
            </method>
            <method name="WriteV3Manifest" signature="(IIIF.Manifests.Serializer.Nodes.Manifest)" line-rate="1" branch-rate="1" complexity="8">
              <lines>
                <line number="188" hits="54" branch="False" />
                <line number="189" hits="54" branch="False" />
                <line number="190" hits="54" branch="False" />
                <line number="191" hits="54" branch="False" />
                <line number="192" hits="54" branch="False" />
                <line number="193" hits="54" branch="False" />
                <line number="194" hits="54" branch="False" />
                <line number="196" hits="108" branch="False" />
                <line number="198" hits="54" branch="False" />
                <line number="200" hits="54" branch="True" condition-coverage="100% (2/2)">
                  <conditions>
                    <condition number="152" type="jump" coverage="100%" />
                  </conditions>
                </line>
                <line number="201" hits="4" branch="False" />
                <line number="202" hits="4" branch="False" />
                <line number="203" hits="4" branch="False" />
                <line number="205" hits="54" branch="False" />
                <line number="206" hits="54" branch="True" condition-coverage="100% (2/2)">
                  <conditions>
                    <condition number="241" type="jump" coverage="100%" />
                  </conditions>
                </line>
                <line number="207" hits="45" branch="False" />
                <line number="208" hits="45" branch="False" />
                <line number="209" hits="45" branch="False" />
                <line number="211" hits="54" branch="False" />
                <line number="212" hits="54" branch="True" condition-coverage="100% (2/2)">
                  <conditions>
                    <condition number="320" type="jump" coverage="100%" />
                  </conditions>
                </line>
                <line number="213" hits="4" branch="False" />
                <line number="214" hits="4" branch="False" />
                <line number="215" hits="4" branch="False" />
                <line number="217" hits="54" branch="False" />
                <line number="218" hits="54" branch="True" condition-coverage="100% (2/2)">
                  <conditions>
                    <condition number="399" type="jump" coverage="100%" />
                  </conditions>
                </line>
                <line number="219" hits="4" branch="False" />
                <line number="220" hits="4" branch="False" />
                <line number="221" hits="4" branch="False" />
                <line number="223" hits="54" branch="False" />
                <line number="225" hits="54" branch="False" />
                <line number="226" hits="54" branch="False" />
              </lines>
            </method>
            <method name="WriteV3RightsRequiredStatementPartOf" signature="(IIIF.Manifests.Serializer.Shared.BaseNode`1&lt;TBaseNode&gt;,Newtonsoft.Json.Linq.JObject)" line-rate="1" branch-rate="0.8332999999999999" complexity="12">
              <lines>
                <line number="229" hits="60" branch="False" />
                <line number="230" hits="60" branch="True" condition-coverage="100% (2/2)">
                  <conditions>
                    <condition number="15" type="jump" coverage="100%" />
                  </conditions>
                </line>
                <line number="231" hits="3" branch="False" />
                <line number="232" hits="3" branch="False" />
                <line number="233" hits="3" branch="False" />
                <line number="235" hits="60" branch="True" condition-coverage="100% (2/2)">
                  <conditions>
                    <condition number="61" type="jump" coverage="100%" />
                  </conditions>
                </line>
                <line number="236" hits="1" branch="False" />
                <line number="237" hits="1" branch="True" condition-coverage="50% (2/4)">
                  <conditions>
                    <condition number="101" type="jump" coverage="50%" />
                    <condition number="165" type="jump" coverage="50%" />
                  </conditions>
                </line>
                <line number="238" hits="1" branch="False" />
                <line number="239" hits="1" branch="False" />
                <line number="240" hits="1" branch="False" />
                <line number="241" hits="1" branch="False" />
                <line number="242" hits="1" branch="False" />
                <line number="244" hits="61" branch="True" condition-coverage="100% (2/2)">
                  <conditions>
                    <condition number="225" type="jump" coverage="100%" />
                  </conditions>
                </line>
                <line number="245" hits="60" branch="True" condition-coverage="100% (2/2)">
                  <conditions>
                    <condition number="272" type="jump" coverage="100%" />
                  </conditions>
                </line>
                <line number="246" hits="1" branch="False" />
                <line number="247" hits="1" branch="False" />
                <line number="248" hits="1" branch="False" />
                <line number="249" hits="60" branch="False" />
              </lines>
            </method>
            <method name="ReadV3RightsRequiredStatementPartOf" signature="(Newtonsoft.Json.Linq.JObject,IIIF.Manifests.Serializer.Shared.BaseNode`1&lt;TBaseNode&gt;)" line-rate="1" branch-rate="0.8571" complexity="14">
              <lines>
                <line number="252" hits="33" branch="False" />
                <line number="253" hits="33" branch="True" condition-coverage="100% (2/2)">
                  <conditions>
                    <condition number="24" type="jump" coverage="100%" />
                  </conditions>
                </line>
                <line number="254" hits="2" branch="False" />
                <line number="255" hits="2" branch="False" />
                <line number="256" hits="2" branch="False" />
                <line number="258" hits="33" branch="True" condition-coverage="100% (2/2)">
                  <conditions>
                    <condition number="64" type="jump" coverage="100%" />
                  </conditions>
                </line>
                <line number="259" hits="1" branch="False" />
                <line number="260" hits="1" branch="False" />
                <line number="261" hits="2" branch="True" condition-coverage="50% (1/2)">
                  <conditions>
                    <condition number="107" type="jump" coverage="50%" />
                  </conditions>
                </line>
                <line number="262" hits="1" branch="False" />
                <line number="263" hits="1" branch="False" />
                <line number="265" hits="101" branch="True" condition-coverage="100% (6/6)">
                  <conditions>
                    <condition number="174" type="jump" coverage="100%" />
                    <condition number="186" type="jump" coverage="100%" />
                    <condition number="271" type="jump" coverage="100%" />
                  </conditions>
                </line>
                <line number="266" hits="1" branch="False" />
                <line number="267" hits="1" branch="True" condition-coverage="50% (1/2)">
                  <conditions>
                    <condition number="244" type="jump" coverage="50%" />
                  </conditions>
                </line>
                <line number="268" hits="1" branch="False" />
                <line number="269" hits="33" branch="False" />
              </lines>
            </method>
            <method name="WriteV3Behavior" signature="(IIIF.Manifests.Serializer.Shared.BaseNode`1&lt;TBaseNode&gt;,Newtonsoft.Json.Linq.JObject)" line-rate="1" branch-rate="1" complexity="8">
              <lines>
                <line number="272" hits="137" branch="False" />
                <line number="273" hits="140" branch="True" condition-coverage="100% (2/2)">
                  <conditions>
                    <condition number="13" type="jump" coverage="100%" />
                  </conditions>
                </line>
                <line number="275" hits="137" branch="True" condition-coverage="100% (4/4)">
                  <conditions>
                    <condition number="55" type="jump" coverage="100%" />
                    <condition number="74" type="jump" coverage="100%" />
                  </conditions>
                </line>
                <line number="276" hits="9" branch="False" />
                <line number="277" hits="9" branch="False" />
                <line number="278" hits="9" branch="False" />
                <line number="281" hits="137" branch="True" condition-coverage="100% (2/2)">
                  <conditions>
                    <condition number="107" type="jump" coverage="100%" />
                  </conditions>
                </line>
                <line number="282" hits="12" branch="False" />
                <line number="283" hits="12" branch="False" />
                <line number="284" hits="12" branch="False" />
                <line number="285" hits="137" branch="False" />
              </lines>
            </method>
            <method name="ReadV3Behavior" signature="(Newtonsoft.Json.Linq.JObject,IIIF.Manifests.Serializer.Shared.BaseNode`1&lt;TBaseNode&gt;)" line-rate="1" branch-rate="1" complexity="2">
              <lines>
                <line number="288" hits="73" branch="False" />
                <line number="289" hits="235" branch="True" condition-coverage="100% (2/2)">
                  <conditions>
                    <condition number="54" type="jump" coverage="100%" />
                  </conditions>
                </line>
                <line number="290" hits="8" branch="False" />
                <line number="291" hits="8" branch="False" />
                <line number="292" hits="8" branch="False" />
                <line number="293" hits="73" branch="False" />
              </lines>
            </method>
            <method name="BuildLanguageMapToken" signature="(System.Collections.Generic.IEnumerable`1&lt;System.String&gt;)" line-rate="1" branch-rate="1" complexity="1">
              <lines>
                <line number="296" hits="2" branch="False" />
                <line number="297" hits="4" branch="False" />
                <line number="298" hits="2" branch="False" />
                <line number="299" hits="2" branch="False" />
              </lines>
            </method>
            <method name="WriteV3Service" signature="(IIIF.Manifests.Serializer.Shared.Service.IBaseService)" line-rate="1" branch-rate="1" complexity="1">
              <lines>
                <line number="302" hits="4" branch="False" />
                <line number="303" hits="4" branch="False" />
                <line number="304" hits="4" branch="False" />
                <line number="305" hits="4" branch="False" />
                <line number="306" hits="4" branch="False" />
                <line number="307" hits="4" branch="False" />
              </lines>
            </method>
            <method name="GetManifestCanvases" signature="(IIIF.Manifests.Serializer.Nodes.Manifest)" line-rate="1" branch-rate="1" complexity="1">
              <lines>
                <line number="309" hits="54" branch="False" />
              </lines>
            </method>
            <method name="WriteV3Range" signature="(IIIF.Manifests.Serializer.Nodes.Structure)" line-rate="1" branch-rate="1" complexity="2">
              <lines>
                <line number="312" hits="4" branch="False" />
                <line number="313" hits="4" branch="False" />
                <line number="314" hits="4" branch="False" />
                <line number="315" hits="4" branch="False" />
                <line number="316" hits="4" branch="False" />
                <line number="317" hits="4" branch="False" />
                <line number="319" hits="8" branch="False" />
                <line number="321" hits="4" branch="False" />
                <line number="323" hits="4" branch="False" />
                <line number="324" hits="4" branch="True" condition-coverage="100% (2/2)">
                  <conditions>
                    <condition number="169" type="jump" coverage="100%" />
                  </conditions>
                </line>
                <line number="325" hits="2" branch="False" />
                <line number="326" hits="2" branch="False" />
                <line number="327" hits="2" branch="False" />
                <line number="329" hits="4" branch="False" />
                <line number="330" hits="4" branch="False" />
              </lines>
            </method>
            <method name="WriteV3RangeItem" signature="(IIIF.Manifests.Serializer.Shared.IBaseItem)" line-rate="0.8571" branch-rate="0.5" complexity="2">
              <lines>
                <line number="333" hits="4" branch="False" />
                <line number="334" hits="4" branch="True" condition-coverage="50% (1/2)">
                  <conditions>
                    <condition number="13" type="jump" coverage="50%" />
                  </conditions>
                </line>
                <line number="335" hits="4" branch="False" />
                <line number="336" hits="0" branch="False" />
                <line number="337" hits="4" branch="False" />
                <line number="338" hits="4" branch="False" />
                <line number="339" hits="4" branch="False" />
              </lines>
            </method>
            <method name="WriteV3Canvas" signature="(IIIF.Manifests.Serializer.Nodes.Canvas)" line-rate="1" branch-rate="0.8" complexity="10">
              <lines>
                <line number="342" hits="73" branch="False" />
                <line number="343" hits="73" branch="False" />
                <line number="344" hits="73" branch="False" />
                <line number="345" hits="73" branch="False" />
                <line number="346" hits="73" branch="False" />
                <line number="347" hits="73" branch="False" />
                <line number="349" hits="146" branch="False" />
                <line number="351" hits="73" branch="False" />
                <line number="353" hits="73" branch="True" condition-coverage="50% (1/2)">
                  <conditions>
                    <condition number="137" type="jump" coverage="50%" />
                  </conditions>
                </line>
                <line number="354" hits="73" branch="False" />
                <line number="355" hits="73" branch="False" />
                <line number="356" hits="73" branch="False" />
                <line number="358" hits="73" branch="True" condition-coverage="50% (1/2)">
                  <conditions>
                    <condition number="198" type="jump" coverage="50%" />
                  </conditions>
                </line>
                <line number="359" hits="73" branch="False" />
                <line number="360" hits="73" branch="False" />
                <line number="361" hits="73" branch="False" />
                <line number="363" hits="73" branch="True" condition-coverage="100% (2/2)">
                  <conditions>
                    <condition number="259" type="jump" coverage="100%" />
                  </conditions>
                </line>
                <line number="364" hits="8" branch="False" />
                <line number="365" hits="8" branch="False" />
                <line number="366" hits="8" branch="False" />
                <line number="368" hits="73" branch="False" />
                <line number="369" hits="73" branch="True" condition-coverage="100% (2/2)">
                  <conditions>
                    <condition number="357" type="jump" coverage="100%" />
                  </conditions>
                </line>
                <line number="370" hits="64" branch="False" />
                <line number="371" hits="64" branch="False" />
                <line number="372" hits="64" branch="False" />
                <line number="374" hits="74" branch="False" />
                <line number="375" hits="73" branch="True" condition-coverage="100% (2/2)">
                  <conditions>
                    <condition number="440" type="jump" coverage="100%" />
                  </conditions>
                </line>
                <line number="376" hits="1" branch="False" />
                <line number="377" hits="1" branch="False" />
                <line number="378" hits="1" branch="False" />
                <line number="380" hits="73" branch="False" />
                <line number="381" hits="73" branch="False" />
              </lines>
            </method>
            <method name="WriteV3AnnotationPage" signature="(IIIF.Manifests.Serializer.Nodes.Contents.Annotation.AnnotationPage)" line-rate="1" branch-rate="1" complexity="1">
              <lines>
                <line number="384" hits="64" branch="False" />
                <line number="385" hits="64" branch="False" />
                <line number="386" hits="64" branch="False" />
                <line number="387" hits="64" branch="False" />
                <line number="388" hits="64" branch="False" />
                <line number="389" hits="64" branch="False" />
                <line number="390" hits="64" branch="False" />
                <line number="391" hits="64" branch="False" />
              </lines>
            </method>
            <method name="WriteV3Annotation" signature="(IIIF.Manifests.Serializer.Nodes.Contents.Annotation.Annotation)" line-rate="1" branch-rate="1" complexity="1">
              <lines>
                <line number="394" hits="66" branch="False" />
                <line number="395" hits="66" branch="False" />
                <line number="396" hits="66" branch="False" />
                <line number="397" hits="66" branch="False" />
                <line number="398" hits="66" branch="False" />
                <line number="399" hits="66" branch="False" />
                <line number="400" hits="66" branch="False" />
                <line number="401" hits="66" branch="False" />
                <line number="402" hits="66" branch="False" />
                <line number="403" hits="66" branch="False" />
              </lines>
            </method>
            <method name="WriteV3Resource" signature="(IIIF.Manifests.Serializer.Shared.Content.Resources.IBaseResource)" line-rate="0.8665999999999999" branch-rate="0.6" complexity="10">
              <lines>
                <line number="406" hits="66" branch="False" />
                <line number="407" hits="66" branch="False" />
                <line number="408" hits="66" branch="False" />
                <line number="409" hits="66" branch="False" />
                <line number="410" hits="66" branch="False" />
                <line number="411" hits="66" branch="True" condition-coverage="75% (6/8)">
                  <conditions>
                    <condition number="68" type="jump" coverage="50%" />
                    <condition number="95" type="jump" coverage="100%" />
                    <condition number="108" type="jump" coverage="100%" />
                    <condition number="121" type="jump" coverage="50%" />
                  </conditions>
                </line>
                <line number="412" hits="66" branch="False" />
                <line number="413" hits="58" branch="False" />
                <line number="414" hits="5" branch="False" />
                <line number="415" hits="3" branch="False" />
                <line number="416" hits="0" branch="True" condition-coverage="0% (0/2)">
                  <conditions>
                    <condition number="155" type="jump" coverage="0%" />
                  </conditions>
                </line>
                <line number="417" hits="0" branch="False" />
                <line number="418" hits="66" branch="False" />
                <line number="420" hits="66" branch="False" />
                <line number="421" hits="66" branch="False" />
              </lines>
            </method>
            <method name="ReadV3Manifest" signature="(Newtonsoft.Json.Linq.JObject)" line-rate="1" branch-rate="0.9545" complexity="22">
              <lines>
                <line number="424" hits="30" branch="False" />
                <line number="425" hits="30" branch="True" condition-coverage="50% (1/2)">
                  <conditions>
                    <condition number="34" type="jump" coverage="50%" />
                  </conditions>
                </line>
                <line number="427" hits="30" branch="False" />
                <line number="429" hits="162" branch="True" condition-coverage="100% (6/6)">
                  <conditions>
                    <condition number="74" type="jump" coverage="100%" />
                    <condition number="86" type="jump" coverage="100%" />
                    <condition number="130" type="jump" coverage="100%" />
                  </conditions>
                </line>
                <line number="430" hits="36" branch="False" />
                <line number="431" hits="36" branch="False" />
                <line number="432" hits="36" branch="False" />
                <line number="434" hits="96" branch="True" condition-coverage="100% (6/6)">
                  <conditions>
                    <condition number="158" type="jump" coverage="100%" />
                    <condition number="170" type="jump" coverage="100%" />
                    <condition number="216" type="jump" coverage="100%" />
                  </conditions>
                </line>
                <line number="435" hits="3" branch="False" />
                <line number="436" hits="3" branch="False" />
                <line number="437" hits="3" branch="False" />
                <line number="439" hits="98" branch="True" condition-coverage="100% (6/6)">
                  <conditions>
                    <condition number="244" type="jump" coverage="100%" />
                    <condition number="256" type="jump" coverage="100%" />
                    <condition number="322" type="jump" coverage="100%" />
                  </conditions>
                </line>
                <line number="440" hits="4" branch="False" />
                <line number="441" hits="4" branch="True" condition-coverage="100% (2/2)">
                  <conditions>
                    <condition number="301" type="jump" coverage="100%" />
                  </conditions>
                </line>
                <line number="442" hits="4" branch="False" />
                <line number="443" hits="4" branch="False" />
                <line number="444" hits="4" branch="False" />
                <line number="445" hits="4" branch="False" />
                <line number="447" hits="30" branch="False" />
                <line number="449" hits="30" branch="False" />
                <line number="450" hits="30" branch="False" />
              </lines>
            </method>
            <method name="ReadV3Service" signature="(Newtonsoft.Json.Linq.JObject)" line-rate="1" branch-rate="1" complexity="1">
              <lines>
                <line number="453" hits="4" branch="False" />
                <line number="457" hits="4" branch="False" />
                <line number="458" hits="4" branch="False" />
              </lines>
            </method>
            <method name="ReadV3Range" signature="(Newtonsoft.Json.Linq.JObject)" line-rate="1" branch-rate="0.9166" complexity="12">
              <lines>
                <line number="461" hits="4" branch="False" />
                <line number="462" hits="4" branch="True" condition-coverage="50% (1/2)">
                  <conditions>
                    <condition number="34" type="jump" coverage="50%" />
                  </conditions>
                </line>
                <line number="464" hits="4" branch="False" />
                <line number="466" hits="22" branch="True" condition-coverage="100% (6/6)">
                  <conditions>
                    <condition number="74" type="jump" coverage="100%" />
                    <condition number="86" type="jump" coverage="100%" />
                    <condition number="206" type="jump" coverage="100%" />
                  </conditions>
                </line>
                <line number="467" hits="5" branch="False" />
                <line number="468" hits="5" branch="True" condition-coverage="100% (4/4)">
                  <conditions>
                    <condition number="142" type="jump" coverage="100%" />
                    <condition number="155" type="jump" coverage="100%" />
                  </conditions>
                </line>
                <line number="471" hits="1" branch="False" />
                <line number="472" hits="1" branch="False" />
                <line number="474" hits="4" branch="False" />
                <line number="475" hits="4" branch="False" />
                <line number="477" hits="5" branch="False" />
                <line number="479" hits="4" branch="False" />
                <line number="480" hits="4" branch="False" />
              </lines>
            </method>
            <method name="ReadV3Canvas" signature="(Newtonsoft.Json.Linq.JObject)" line-rate="1" branch-rate="0.875" complexity="24">
              <lines>
                <line number="483" hits="36" branch="False" />
                <line number="484" hits="36" branch="False" />
                <line number="485" hits="36" branch="False" />
                <line number="486" hits="36" branch="True" condition-coverage="50% (1/2)">
                  <conditions>
                    <condition number="88" type="jump" coverage="50%" />
                  </conditions>
                </line>
                <line number="488" hits="36" branch="False" />
                <line number="490" hits="36" branch="True" condition-coverage="100% (4/4)">
                  <conditions>
                    <condition number="142" type="jump" coverage="100%" />
                    <condition number="160" type="jump" coverage="100%" />
                  </conditions>
                </line>
                <line number="491" hits="3" branch="False" />
                <line number="492" hits="3" branch="False" />
                <line number="493" hits="3" branch="False" />
                <line number="495" hits="203" branch="True" condition-coverage="80% (8/10)">
                  <conditions>
                    <condition number="185" type="jump" coverage="100%" />
                    <condition number="233" type="jump" coverage="100%" />
                    <condition number="304" type="jump" coverage="100%" />
                    <condition number="12" type="jump" coverage="50%" />
                    <condition number="24" type="jump" coverage="50%" />
                  </conditions>
                </line>
                <line number="496" hits="32" branch="False" />
                <line number="497" hits="32" branch="True" condition-coverage="100% (2/2)">
                  <conditions>
                    <condition number="283" type="jump" coverage="100%" />
                  </conditions>
                </line>
                <line number="498" hits="32" branch="False" />
                <line number="499" hits="32" branch="False" />
                <line number="500" hits="32" branch="False" />
                <line number="501" hits="32" branch="False" />
                <line number="503" hits="110" branch="True" condition-coverage="100% (6/6)">
                  <conditions>
                    <condition number="334" type="jump" coverage="100%" />
                    <condition number="346" type="jump" coverage="100%" />
                    <condition number="405" type="jump" coverage="100%" />
                  </conditions>
                </line>
                <line number="504" hits="1" branch="False" />
                <line number="505" hits="1" branch="False" />
                <line number="506" hits="1" branch="False" />
                <line number="508" hits="36" branch="False" />
                <line number="509" hits="36" branch="False" />
              </lines>
            </method>
            <method name="ReadV3Annotation" signature="(IIIF.Manifests.Serializer.Nodes.Canvas,Newtonsoft.Json.Linq.JObject)" line-rate="0.8636" branch-rate="0.5909" complexity="22">
              <lines>
                <line number="512" hits="32" branch="False" />
                <line number="513" hits="32" branch="True" condition-coverage="50% (1/2)">
                  <conditions>
                    <condition number="29" type="jump" coverage="50%" />
                  </conditions>
                </line>
                <line number="514" hits="0" branch="False" />
                <line number="515" hits="0" branch="False" />
                <line number="518" hits="32" branch="False" />
                <line number="519" hits="32" branch="True" condition-coverage="50% (1/2)">
                  <conditions>
                    <condition number="69" type="jump" coverage="50%" />
                  </conditions>
                </line>
                <line number="520" hits="32" branch="True" condition-coverage="50% (1/2)">
                  <conditions>
                    <condition number="96" type="jump" coverage="50%" />
                  </conditions>
                </line>
                <line number="521" hits="32" branch="False" />
                <line number="522" hits="32" branch="True" condition-coverage="50% (1/2)">
                  <conditions>
                    <condition number="135" type="jump" coverage="50%" />
                  </conditions>
                </line>
                <line number="524" hits="32" branch="True" condition-coverage="83.33% (5/6)">
                  <conditions>
                    <condition number="179" type="jump" coverage="100%" />
                    <condition number="193" type="jump" coverage="100%" />
                    <condition number="210" type="jump" coverage="50%" />
                  </conditions>
                </line>
                <line number="525" hits="32" branch="False" />
                <line number="526" hits="29" branch="True" condition-coverage="50% (2/4)">
                  <conditions>
                    <condition number="258" type="jump" coverage="50%" />
                    <condition number="315" type="jump" coverage="50%" />
                  </conditions>
                </line>
                <line number="527" hits="29" branch="False" />
                <line number="528" hits="29" branch="False" />
                <line number="529" hits="2" branch="True" condition-coverage="50% (1/2)">
                  <conditions>
                    <condition number="376" type="jump" coverage="50%" />
                  </conditions>
                </line>
                <line number="530" hits="2" branch="False" />
                <line number="531" hits="2" branch="False" />
                <line number="532" hits="1" branch="False" />
                <line number="533" hits="0" branch="False" />
                <line number="534" hits="32" branch="False" />
                <line number="536" hits="32" branch="True" condition-coverage="50% (1/2)">
                  <conditions>
                    <condition number="446" type="jump" coverage="50%" />
                  </conditions>
                </line>
                <line number="537" hits="32" branch="False" />
              </lines>
            </method>
            <method name="BuildVideoResource" signature="(System.String,System.String,Newtonsoft.Json.Linq.JObject)" line-rate="1" branch-rate="0.5" complexity="12">
              <lines>
                <line number="540" hits="1" branch="False" />
                <line number="541" hits="1" branch="False" />
                <line number="542" hits="1" branch="True" condition-coverage="50% (2/4)">
                  <conditions>
                    <condition number="34" type="jump" coverage="50%" />
                    <condition number="52" type="jump" coverage="50%" />
                  </conditions>
                </line>
                <line number="543" hits="1" branch="False" />
                <line number="544" hits="1" branch="False" />
                <line number="545" hits="1" branch="False" />
                <line number="546" hits="1" branch="True" condition-coverage="50% (2/4)">
                  <conditions>
                    <condition number="89" type="jump" coverage="50%" />
                    <condition number="107" type="jump" coverage="50%" />
                  </conditions>
                </line>
                <line number="547" hits="1" branch="False" />
                <line number="548" hits="1" branch="False" />
                <line number="549" hits="1" branch="False" />
                <line number="550" hits="1" branch="True" condition-coverage="50% (2/4)">
                  <conditions>
                    <condition number="144" type="jump" coverage="50%" />
                    <condition number="162" type="jump" coverage="50%" />
                  </conditions>
                </line>
                <line number="551" hits="1" branch="False" />
                <line number="552" hits="1" branch="False" />
                <line number="553" hits="1" branch="False" />
                <line number="554" hits="1" branch="False" />
                <line number="555" hits="1" branch="False" />
              </lines>
            </method>
            <method name="WriteLanguageMap" signature="(Newtonsoft.Json.Linq.JObject,System.String,System.Collections.Generic.IEnumerable`1&lt;System.String&gt;)" line-rate="1" branch-rate="1" complexity="2">
              <lines>
                <line number="558" hits="146" branch="False" />
                <line number="559" hits="286" branch="False" />
                <line number="560" hits="146" branch="True" condition-coverage="100% (2/2)">
                  <conditions>
                    <condition number="55" type="jump" coverage="100%" />
                  </conditions>
                </line>
                <line number="561" hits="140" branch="False" />
                <line number="562" hits="140" branch="False" />
                <line number="563" hits="140" branch="False" />
                <line number="564" hits="146" branch="False" />
              </lines>
            </method>
            <method name="ReadLabels" signature="(Newtonsoft.Json.Linq.JToken)" line-rate="0.8665999999999999" branch-rate="0.625" complexity="8">
              <lines>
                <line number="567" hits="83" branch="False" />
                <line number="568" hits="83" branch="True" condition-coverage="100% (2/2)">
                  <conditions>
                    <condition number="14" type="jump" coverage="100%" />
                  </conditions>
                </line>
                <line number="569" hits="79" branch="False" />
                <line number="570" hits="79" branch="False" />
                <line number="571" hits="79" branch="True" condition-coverage="50% (1/2)">
                  <conditions>
                    <condition number="12" type="jump" coverage="50%" />
                  </conditions>
                </line>
                <line number="572" hits="79" branch="False" />
                <line number="573" hits="79" branch="False" />
                <line number="574" hits="79" branch="False" />
                <line number="575" hits="79" branch="False" />
                <line number="578" hits="4" branch="True" condition-coverage="50% (1/2)">
                  <conditions>
                    <condition number="163" type="jump" coverage="50%" />
                  </conditions>
                </line>
                <line number="579" hits="0" branch="False" />
                <line number="580" hits="0" branch="False" />
                <line number="583" hits="4" branch="False" />
                <line number="584" hits="4" branch="True" condition-coverage="50% (1/2)">
                  <conditions>
                    <condition number="235" type="jump" coverage="50%" />
                  </conditions>
                </line>
                <line number="585" hits="83" branch="False" />
              </lines>
            </method>
            <method name="ReadStringArray" signature="(Newtonsoft.Json.Linq.JToken)" line-rate="1" branch-rate="0.75" complexity="4">
              <lines>
                <line number="588" hits="73" branch="False" />
                <line number="589" hits="73" branch="True" condition-coverage="100% (2/2)">
                  <conditions>
                    <condition number="15" type="jump" coverage="100%" />
                  </conditions>
                </line>
                <line number="590" hits="73" branch="False" />
                <line number="591" hits="16" branch="False" />
                <line number="592" hits="65" branch="True" condition-coverage="50% (1/2)">
                  <conditions>
                    <condition number="82" type="jump" coverage="50%" />
                  </conditions>
                </line>
                <line number="593" hits="65" branch="False" />
                <line number="594" hits="73" branch="False" />
                <line number="595" hits="73" branch="False" />
              </lines>
            </method>
            <method name="ReadRequiredString" signature="(Newtonsoft.Json.Linq.JObject,System.String)" line-rate="1" branch-rate="0.5" complexity="2">
              <lines>
                <line number="598" hits="151" branch="False" />
                <line number="599" hits="151" branch="True" condition-coverage="50% (1/2)">
                  <conditions>
                    <condition number="14" type="jump" coverage="50%" />
                  </conditions>
                </line>
                <line number="600" hits="151" branch="False" />
              </lines>
            </method>
            <method name="NormalizeMotivation" signature="(System.String)" line-rate="1" branch-rate="0.5" complexity="2">
              <lines>
                <line number="603" hits="66" branch="False" />
                <line number="604" hits="66" branch="True" condition-coverage="50% (1/2)">
                  <conditions>
                    <condition number="13" type="jump" coverage="50%" />
                  </conditions>
                </line>
                <line number="605" hits="66" branch="False" />
              </lines>
            </method>
            <method name="Rename" signature="(Newtonsoft.Json.Linq.JObject,System.String,System.String)" line-rate="1" branch-rate="1" complexity="2">
              <lines>
                <line number="608" hits="74" branch="False" />
                <line number="609" hits="74" branch="True" condition-coverage="100% (2/2)">
                  <conditions>
                    <condition number="16" type="jump" coverage="100%" />
                  </conditions>
                </line>
                <line number="610" hits="66" branch="False" />
                <line number="611" hits="66" branch="False" />
                <line number="612" hits="66" branch="False" />
                <line number="613" hits="66" branch="False" />
                <line number="614" hits="74" branch="False" />
              </lines>
            </method>
          </methods>
          <lines>
            <line number="27" hits="16" branch="False" />
            <line number="28" hits="16" branch="False" />
            <line number="29" hits="16" branch="False" />
            <line number="32" hits="99" branch="False" />
            <line number="33" hits="99" branch="True" condition-coverage="50% (1/2)">
              <conditions>
                <condition number="7" type="jump" coverage="50%" />
              </conditions>
            </line>
            <line number="34" hits="0" branch="False" />
            <line number="35" hits="0" branch="False" />
            <line number="38" hits="99" branch="True" condition-coverage="50% (1/2)">
              <conditions>
                <condition number="22" type="jump" coverage="50%" />
              </conditions>
            </line>
            <line number="40" hits="99" branch="True" condition-coverage="75% (3/4)">
              <conditions>
                <condition number="46" type="jump" coverage="100%" />
                <condition number="52" type="jump" coverage="50%" />
              </conditions>
            </line>
            <line number="41" hits="99" branch="False" />
            <line number="42" hits="45" branch="False" />
            <line number="43" hits="54" branch="False" />
            <line number="44" hits="0" branch="False" />
            <line number="45" hits="99" branch="False" />
            <line number="46" hits="99" branch="False" />
            <line number="49" hits="53" branch="False" />
            <line number="50" hits="53" branch="True" condition-coverage="50% (1/2)">
              <conditions>
                <condition number="9" type="jump" coverage="50%" />
              </conditions>
            </line>
            <line number="51" hits="0" branch="False" />
            <line number="52" hits="0" branch="False" />
            <line number="55" hits="53" branch="False" />
            <line number="56" hits="53" branch="True" condition-coverage="100% (4/4)">
              <conditions>
[...]
                <line number="64" hits="4" branch="False" />
              </lines>
            </method>
            <method name="RemoveAddCoordinate" signature="(IIIF.Manifests.Serializer.Extensions.CoordinateItem)" line-rate="0" branch-rate="1" complexity="1">
              <lines>
                <line number="67" hits="0" branch="False" />
                <line number="68" hits="0" branch="False" />
                <line number="69" hits="0" branch="False" />
                <line number="70" hits="0" branch="False" />
              </lines>
            </method>
            <method name="SetGeometries" signature="(System.Collections.Generic.IReadOnlyCollection`1&lt;IIIF.Manifests.Serializer.Extensions.Geometry&gt;)" line-rate="0" branch-rate="1" complexity="1">
              <lines>
                <line number="73" hits="0" branch="False" />
                <line number="74" hits="0" branch="False" />
                <line number="75" hits="0" branch="False" />
                <line number="76" hits="0" branch="False" />
              </lines>
            </method>
            <method name="AddGeometry" signature="(IIIF.Manifests.Serializer.Extensions.Geometry)" line-rate="1" branch-rate="1" complexity="1">
              <lines>
                <line number="79" hits="4" branch="False" />
                <line number="80" hits="4" branch="False" />
                <line number="81" hits="4" branch="False" />
                <line number="82" hits="4" branch="False" />
              </lines>
            </method>
            <method name="RemoveGeometry" signature="(IIIF.Manifests.Serializer.Extensions.Geometry)" line-rate="0" branch-rate="1" complexity="1">
              <lines>
                <line number="85" hits="0" branch="False" />
                <line number="86" hits="0" branch="False" />
                <line number="87" hits="0" branch="False" />
                <line number="88" hits="0" branch="False" />
              </lines>
            </method>
            <method name=".ctor" signature="(IIIF.Manifests.Serializer.Extensions.GeometryType)" line-rate="1" branch-rate="1" complexity="1">
              <lines>
                <line number="49" hits="21" branch="False" />
                <line number="50" hits="21" branch="False" />
                <line number="51" hits="21" branch="False" />
                <line number="52" hits="21" branch="False" />
              </lines>
            </method>
          </methods>
          <lines>
            <line number="22" hits="33" branch="False" />
            <line number="23" hits="21" branch="False" />
            <line number="29" hits="32" branch="True" condition-coverage="100% (2/2)">
              <conditions>
                <condition number="64" type="jump" coverage="100%" />
              </conditions>
            </line>
            <line number="30" hits="18" branch="False" />
            <line number="42" hits="23" branch="True" condition-coverage="100% (2/2)">
              <conditions>
                <condition number="64" type="jump" coverage="100%" />
              </conditions>
            </line>
            <line number="43" hits="6" branch="False" />
            <line number="55" hits="8" branch="False" />
            <line number="56" hits="8" branch="False" />
            <line number="57" hits="8" branch="False" />
            <line number="58" hits="8" branch="False" />
            <line number="61" hits="4" branch="False" />
            <line number="62" hits="4" branch="False" />
            <line number="63" hits="4" branch="False" />
            <line number="64" hits="4" branch="False" />
            <line number="67" hits="0" branch="False" />
            <line number="68" hits="0" branch="False" />
            <line number="69" hits="0" branch="False" />
            <line number="70" hits="0" branch="False" />
            <line number="73" hits="0" branch="False" />
            <line number="74" hits="0" branch="False" />
            <line number="75" hits="0" branch="False" />
            <line number="76" hits="0" branch="False" />
            <line number="79" hits="4" branch="False" />
            <line number="80" hits="4" branch="False" />
            <line number="81" hits="4" branch="False" />
            <line number="82" hits="4" branch="False" />
            <line number="85" hits="0" branch="False" />
            <line number="86" hits="0" branch="False" />
            <line number="87" hits="0" branch="False" />
            <line number="88" hits="0" branch="False" />
            <line number="49" hits="21" branch="False" />
            <line number="50" hits="21" branch="False" />
            <line number="51" hits="21" branch="False" />
            <line number="52" hits="21" branch="False" />
          </lines>
        </class>
        <class name="IIIF.Manifests.Serializer.Extensions.GeometryType" filename="extensions/IIIF.Manifest.Serializer.Net.NavPlace/GeometryType.cs" line-rate="0.7" branch-rate="1" complexity="8">
          <methods>
            <method name="get_Point" signature="()" line-rate="1" branch-rate="1" complexity="1">
              <lines>
                <line number="13" hits="10" branch="False" />
              </lines>
            </method>
            <method name="get_MultiPoint" signature="()" line-rate="0" branch-rate="1" complexity="1">
              <lines>
                <line number="14" hits="0" branch="False" />
              </lines>
            </method>
            <method name="get_LineString" signature="()" line-rate="1" branch-rate="1" complexity="1">
              <lines>
                <line number="15" hits="1" branch="False" />
              </lines>
            </method>
            <method name="get_MultiLineString" signature="()" line-rate="0" branch-rate="1" complexity="1">
              <lines>
                <line number="16" hits="0" branch="False" />
              </lines>
            </method>
            <method name="get_Polygon" signature="()" line-rate="1" branch-rate="1" complexity="1">
              <lines>
                <line number="17" hits="1" branch="False" />
              </lines>
            </method>
            <method name="get_MultiPolygon" signature="()" line-rate="0" branch-rate="1" complexity="1">
              <lines>
                <line number="18" hits="0" branch="False" />
              </lines>
            </method>
            <method name="get_GeometryCollection" signature="()" line-rate="1" branch-rate="1" complexity="1">
              <lines>
                <line number="19" hits="2" branch="False" />
              </lines>
            </method>
            <method name=".ctor" signature="(System.String)" line-rate="1" branch-rate="1" complexity="1">
              <lines>
                <line number="9" hits="21" branch="False" />
                <line number="10" hits="21" branch="False" />
                <line number="11" hits="21" branch="False" />
              </lines>
            </method>
          </methods>
          <lines>
            <line number="13" hits="10" branch="False" />
            <line number="14" hits="0" branch="False" />
            <line number="15" hits="1" branch="False" />
            <line number="16" hits="0" branch="False" />
            <line number="17" hits="1" branch="False" />
            <line number="18" hits="0" branch="False" />
            <line number="19" hits="2" branch="False" />
            <line number="9" hits="21" branch="False" />
            <line number="10" hits="21" branch="False" />
            <line number="11" hits="21" branch="False" />
          </lines>
        </class>
        <class name="IIIF.Manifests.Serializer.Extensions.NavPlace" filename="extensions/IIIF.Manifest.Serializer.Net.NavPlace/NavPlace.cs" line-rate="0.75" branch-rate="1" complexity="7">
          <methods>
            <method name="get_Features" signature="()" line-rate="1" branch-rate="1" complexity="2">
              <lines>
                <line number="27" hits="18" branch="True" condition-coverage="100% (2/2)">
                  <conditions>
                    <condition number="64" type="jump" coverage="100%" />
                  </conditions>
                </line>
              </lines>
            </method>
            <method name="set_Features" signature="(System.Collections.Generic.IReadOnlyCollection`1&lt;IIIF.Manifests.Serializer.Extensions.Feature&gt;)" line-rate="1" branch-rate="1" complexity="1">
              <lines>
                <line number="28" hits="4" branch="False" />
              </lines>
            </method>
            <method name="SetFeatures" signature="(IIIF.Manifests.Serializer.Extensions.Feature[])" line-rate="0" branch-rate="1" complexity="1">
              <lines>
                <line number="39" hits="0" branch="False" />
              </lines>
            </method>
            <method name="AddFeature" signature="(IIIF.Manifests.Serializer.Extensions.Feature)" line-rate="1" branch-rate="1" complexity="1">
              <lines>
                <line number="40" hits="16" branch="False" />
              </lines>
            </method>
            <method name="RemoveFeature" signature="(IIIF.Manifests.Serializer.Extensions.Feature)" line-rate="0" branch-rate="1" complexity="1">
              <lines>
                <line number="41" hits="0" branch="False" />
              </lines>
            </method>
            <method name=".ctor" signature="(System.String)" line-rate="1" branch-rate="1" complexity="1">
              <lines>
                <line number="35" hits="13" branch="False" />
                <line number="36" hits="13" branch="False" />
                <line number="37" hits="13" branch="False" />
              </lines>
            </method>
          </methods>
          <lines>
            <line number="27" hits="18" branch="True" condition-coverage="100% (2/2)">
              <conditions>
                <condition number="64" type="jump" coverage="100%" />
              </conditions>
            </line>
            <line number="28" hits="4" branch="False" />
            <line number="39" hits="0" branch="False" />
            <line number="40" hits="16" branch="False" />
            <line number="41" hits="0" branch="False" />
            <line number="35" hits="13" branch="False" />
            <line number="36" hits="13" branch="False" />
            <line number="37" hits="13" branch="False" />
          </lines>
        </class>
        <class name="IIIF.Manifests.Serializer.Extensions.NavPlaceExtensions" filename="extensions/IIIF.Manifest.Serializer.Net.NavPlace/NavPlaceExtensions.cs" line-rate="1" branch-rate="1" complexity="2">
          <methods>
            <method name="SetNavPlace" signature="(TNode,IIIF.Manifests.Serializer.Extensions.NavPlace)" line-rate="1" branch-rate="1" complexity="1">
              <lines>
                <line number="22" hits="4" branch="False" />
                <line number="23" hits="4" branch="False" />
              </lines>
            </method>
            <method name="get_NavPlace" signature="(TNode)" line-rate="1" branch-rate="1" complexity="1">
              <lines>
                <line number="30" hits="3" branch="False" />
              </lines>
            </method>
          </methods>
          <lines>
            <line number="22" hits="4" branch="False" />
            <line number="23" hits="4" branch="False" />
            <line number="30" hits="3" branch="False" />
          </lines>
        </class>
      </classes>
    </package>
    <package name="IIIF.Manifest.Serializer.Net.TextGranularity" line-rate="0.7567" branch-rate="0.8887999999999999" complexity="21">
      <classes>
        <class name="IIIF.Manifests.Serializer.Extensions.TextGranularity" filename="extensions/IIIF.Manifest.Serializer.Net.TextGranularity/TextGranularity.cs" line-rate="0.7" branch-rate="0.9285" complexity="17">
          <methods>
            <method name="Parse" signature="(System.String)" line-rate="1" branch-rate="0.9285" complexity="14">
              <lines>
                <line number="57" hits="7" branch="False" />
                <line number="58" hits="7" branch="True" condition-coverage="92.85% (13/14)">
                  <conditions>
                    <condition number="2" type="jump" coverage="50%" />
                    <condition number="29" type="jump" coverage="100%" />
                    <condition number="42" type="jump" coverage="100%" />
                    <condition number="55" type="jump" coverage="100%" />
                    <condition number="68" type="jump" coverage="100%" />
                    <condition number="81" type="jump" coverage="100%" />
                    <condition number="94" type="jump" coverage="100%" />
                  </conditions>
                </line>
                <line number="59" hits="7" branch="False" />
                <line number="60" hits="1" branch="False" />
                <line number="61" hits="1" branch="False" />
                <line number="62" hits="1" branch="False" />
                <line number="63" hits="1" branch="False" />
                <line number="64" hits="1" branch="False" />
                <line number="65" hits="1" branch="False" />
                <line number="66" hits="1" branch="False" />
                <line number="67" hits="7" branch="False" />
                <line number="68" hits="6" branch="False" />
              </lines>
            </method>
            <method name="TryParse" signature="(System.String,IIIF.Manifests.Serializer.Extensions.TextGranularity&amp;)" line-rate="0" branch-rate="1" complexity="1">
              <lines>
                <line number="74" hits="0" branch="False" />
                <line number="76" hits="0" branch="False" />
                <line number="77" hits="0" branch="False" />
                <line number="78" hits="0" branch="False" />
                <line number="80" hits="0" branch="False" />
                <line number="81" hits="0" branch="False" />
                <line number="82" hits="0" branch="False" />
                <line number="83" hits="0" branch="False" />
                <line number="85" hits="0" branch="False" />
              </lines>
            </method>
            <method name=".ctor" signature="(System.String)" line-rate="1" branch-rate="1" complexity="1">
              <lines>
                <line number="19" hits="7" branch="False" />
                <line number="20" hits="7" branch="False" />
                <line number="21" hits="7" branch="False" />
              </lines>
            </method>
            <method name=".cctor" signature="()" line-rate="1" branch-rate="1" complexity="1">
              <lines>
                <line number="26" hits="1" branch="False" />
                <line number="31" hits="1" branch="False" />
                <line number="36" hits="1" branch="False" />
                <line number="41" hits="1" branch="False" />
                <line number="46" hits="1" branch="False" />
                <line number="51" hits="1" branch="False" />
              </lines>
            </method>
          </methods>
          <lines>
            <line number="57" hits="7" branch="False" />
            <line number="58" hits="7" branch="True" condition-coverage="92.85% (13/14)">
              <conditions>
                <condition number="2" type="jump" coverage="50%" />
                <condition number="29" type="jump" coverage="100%" />
                <condition number="42" type="jump" coverage="100%" />
                <condition number="55" type="jump" coverage="100%" />
                <condition number="68" type="jump" coverage="100%" />
                <condition number="81" type="jump" coverage="100%" />
                <condition number="94" type="jump" coverage="100%" />
              </conditions>
            </line>
            <line number="59" hits="7" branch="False" />
            <line number="60" hits="1" branch="False" />
            <line number="61" hits="1" branch="False" />
            <line number="62" hits="1" branch="False" />
            <line number="63" hits="1" branch="False" />
            <line number="64" hits="1" branch="False" />
            <line number="65" hits="1" branch="False" />
            <line number="66" hits="1" branch="False" />
            <line number="67" hits="7" branch="False" />
            <line number="68" hits="6" branch="False" />
            <line number="74" hits="0" branch="False" />
            <line number="76" hits="0" branch="False" />
            <line number="77" hits="0" branch="False" />
            <line number="78" hits="0" branch="False" />
            <line number="80" hits="0" branch="False" />
            <line number="81" hits="0" branch="False" />
            <line number="82" hits="0" branch="False" />
            <line number="83" hits="0" branch="False" />
            <line number="85" hits="0" branch="False" />
            <line number="19" hits="7" branch="False" />
            <line number="20" hits="7" branch="False" />
            <line number="21" hits="7" branch="False" />
            <line number="26" hits="1" branch="False" />
            <line number="31" hits="1" branch="False" />
            <line number="36" hits="1" branch="False" />
            <line number="41" hits="1" branch="False" />
            <line number="46" hits="1" branch="False" />
            <line number="51" hits="1" branch="False" />
          </lines>
        </class>
        <class name="IIIF.Manifests.Serializer.Extensions.TextGranularityExtensions" filename="extensions/IIIF.Manifest.Serializer.Net.TextGranularity/TextGranularityExtensions.cs" line-rate="1" branch-rate="0.75" complexity="4">
          <methods>
            <method name="SetTextGranularity" signature="(TResource,IIIF.Manifests.Serializer.Extensions.TextGranularity)" line-rate="1" branch-rate="1" complexity="2">
              <lines>
                <line number="16" hits="2" branch="False" />
                <line number="17" hits="2" branch="True" condition-coverage="100% (2/2)">
                  <conditions>
                    <condition number="24" type="jump" coverage="100%" />
                  </conditions>
                </line>
                <line number="18" hits="2" branch="False" />
                <line number="19" hits="2" branch="False" />
              </lines>
            </method>
            <method name="get_TextGranularity" signature="(TResource)" line-rate="1" branch-rate="0.5" complexity="2">
              <lines>
                <line number="23" hits="1" branch="True" condition-coverage="50% (1/2)">
                  <conditions>
                    <condition number="23" type="jump" coverage="50%" />
                  </conditions>
                </line>
                <line number="24" hits="1" branch="False" />
                <line number="25" hits="1" branch="False" />
              </lines>
            </method>
          </methods>
          <lines>
            <line number="16" hits="2" branch="False" />
            <line number="17" hits="2" branch="True" condition-coverage="100% (2/2)">
              <conditions>
                <condition number="24" type="jump" coverage="100%" />
              </conditions>
            </line>
            <line number="18" hits="2" branch="False" />
            <line number="19" hits="2" branch="False" />
            <line number="23" hits="1" branch="True" condition-coverage="50% (1/2)">
              <conditions>
                <condition number="23" type="jump" coverage="50%" />
              </conditions>
            </line>
            <line number="24" hits="1" branch="False" />
            <line number="25" hits="1" branch="False" />
          </lines>
        </class>
      </classes>
    </package>
  </packages>
</coverage>